Performing C SOURCE FILE Test CMAKE_HAVE_LIBC_PTHREAD failed with the following output:
Change Dir: /home/moi/1_ws/src/imu_analyze/code_utils/cmake-build-release/CMakeFiles/CMakeTmp

Run Build Command(s):/home/moi/APP/clion/bin/ninja/linux/ninja cmTC_09309 && [1/2] Building C object CMakeFiles/cmTC_09309.dir/src.c.o
[2/2] Linking C executable cmTC_09309
FAILED: cmTC_09309 
: && /usr/bin/cc  -rdynamic CMakeFiles/cmTC_09309.dir/src.c.o -o cmTC_09309   && :
/usr/bin/ld: CMakeFiles/cmTC_09309.dir/src.c.o: in function `main':
src.c:(.text+0x46): undefined reference to `pthread_create'
/usr/bin/ld: src.c:(.text+0x52): undefined reference to `pthread_detach'
/usr/bin/ld: src.c:(.text+0x5e): undefined reference to `pthread_cancel'
/usr/bin/ld: src.c:(.text+0x6f): undefined reference to `pthread_join'
collect2: error: ld returned 1 exit status
ninja: build stopped: subcommand failed.


Source file was:
#include <pthread.h>

static void* test_func(void* data)
{
  return data;
}

int main(void)
{
  pthread_t thread;
  pthread_create(&thread, NULL, test_func, NULL);
  pthread_detach(thread);
  pthread_cancel(thread);
  pthread_join(thread, NULL);
  pthread_atfork(NULL, NULL, NULL);
  pthread_exit(NULL);

  return 0;
}

Determining if the function pthread_create exists in the pthreads failed with the following output:
Change Dir: /home/moi/1_ws/src/imu_analyze/code_utils/cmake-build-release/CMakeFiles/CMakeTmp

Run Build Command(s):/home/moi/APP/clion/bin/ninja/linux/ninja cmTC_222fe && [1/2] Building C object CMakeFiles/cmTC_222fe.dir/CheckFunctionExists.c.o
[2/2] Linking C executable cmTC_222fe
FAILED: cmTC_222fe 
: && /usr/bin/cc -DCHECK_FUNCTION_EXISTS=pthread_create -rdynamic CMakeFiles/cmTC_222fe.dir/CheckFunctionExists.c.o -o cmTC_222fe  -lpthreads && :
/usr/bin/ld: 找不到 -lpthreads
collect2: error: ld returned 1 exit status
ninja: build stopped: subcommand failed.



Determining if the function sgemm_ exists failed with the following output:
Change Dir: /home/moi/1_ws/src/imu_analyze/code_utils/cmake-build-release/CMakeFiles/CMakeTmp

Run Build Command(s):/home/moi/APP/clion/bin/ninja/linux/ninja cmTC_8ca5d && [1/2] Building C object CMakeFiles/cmTC_8ca5d.dir/CheckFunctionExists.c.o
[2/2] Linking C executable cmTC_8ca5d
FAILED: cmTC_8ca5d 
: && /usr/bin/cc -DCHECK_FUNCTION_EXISTS=sgemm_ -rdynamic CMakeFiles/cmTC_8ca5d.dir/CheckFunctionExists.c.o -o cmTC_8ca5d   && :
/usr/bin/ld: CMakeFiles/cmTC_8ca5d.dir/CheckFunctionExists.c.o: in function `main':
CheckFunctionExists.c:(.text+0x14): undefined reference to `sgemm_'
collect2: error: ld returned 1 exit status
ninja: build stopped: subcommand failed.



Determining if the function cheev_ exists failed with the following output:
Change Dir: /home/moi/1_ws/src/imu_analyze/code_utils/cmake-build-release/CMakeFiles/CMakeTmp

Run Build Command(s):/home/moi/APP/clion/bin/ninja/linux/ninja cmTC_ab9b3 && [1/2] Building C object CMakeFiles/cmTC_ab9b3.dir/CheckFunctionExists.c.o
[2/2] Linking C executable cmTC_ab9b3
FAILED: cmTC_ab9b3 
: && /usr/bin/cc -DCHECK_FUNCTION_EXISTS=cheev_ -rdynamic CMakeFiles/cmTC_ab9b3.dir/CheckFunctionExists.c.o -o cmTC_ab9b3  /usr/lib/x86_64-linux-gnu/libblas.so  /usr/lib/x86_64-linux-gnu/libf77blas.so  /usr/lib/x86_64-linux-gnu/libatlas.so  -lpthread  -lm  -ldl && :
/usr/bin/ld: CMakeFiles/cmTC_ab9b3.dir/CheckFunctionExists.c.o: in function `main':
CheckFunctionExists.c:(.text+0x14): undefined reference to `cheev_'
collect2: error: ld returned 1 exit status
ninja: build stopped: subcommand failed.



Determining if the function cheev_ exists failed with the following output:
Change Dir: /home/moi/1_ws/src/imu_analyze/code_utils/cmake-build-release/CMakeFiles/CMakeTmp

Run Build Command(s):/home/moi/APP/clion/bin/ninja/linux/ninja cmTC_7e739 && [1/2] Building C object CMakeFiles/cmTC_7e739.dir/CheckFunctionExists.c.o
[2/2] Linking C executable cmTC_7e739
FAILED: cmTC_7e739 
: && /usr/bin/cc -DCHECK_FUNCTION_EXISTS=cheev_ -rdynamic CMakeFiles/cmTC_7e739.dir/CheckFunctionExists.c.o -o cmTC_7e739  /usr/lib/x86_64-linux-gnu/liblapack.so  /usr/lib/x86_64-linux-gnu/libblas.so  /usr/lib/x86_64-linux-gnu/libf77blas.so  /usr/lib/x86_64-linux-gnu/libatlas.so  -fortranlibs && :
cc: error: unrecognized command line option ‘-fortranlibs’
ninja: build stopped: subcommand failed.



