Performing C SOURCE FILE Test CMAKE_HAVE_LIBC_PTHREAD failed with the following output:
Change Dir: /home/moi/1_ws/src/LARVIO/cmake-build-release/CMakeFiles/CMakeTmp

Run Build Command(s):/home/moi/APP/clion/bin/ninja/linux/ninja cmTC_3a3d3 && [1/2] Building C object CMakeFiles/cmTC_3a3d3.dir/src.c.o
[2/2] Linking C executable cmTC_3a3d3
FAILED: cmTC_3a3d3 
: && /usr/bin/cc  -rdynamic CMakeFiles/cmTC_3a3d3.dir/src.c.o -o cmTC_3a3d3   && :
/usr/bin/ld: CMakeFiles/cmTC_3a3d3.dir/src.c.o: in function `main':
src.c:(.text+0x46): undefined reference to `pthread_create'
/usr/bin/ld: src.c:(.text+0x52): undefined reference to `pthread_detach'
/usr/bin/ld: src.c:(.text+0x5e): undefined reference to `pthread_cancel'
/usr/bin/ld: src.c:(.text+0x6f): undefined reference to `pthread_join'
collect2: error: ld returned 1 exit status
ninja: build stopped: subcommand failed.


Source file was:
#include <pthread.h>

static void* test_func(void* data)
{
  return data;
}

int main(void)
{
  pthread_t thread;
  pthread_create(&thread, NULL, test_func, NULL);
  pthread_detach(thread);
  pthread_cancel(thread);
  pthread_join(thread, NULL);
  pthread_atfork(NULL, NULL, NULL);
  pthread_exit(NULL);

  return 0;
}

Determining if the function pthread_create exists in the pthreads failed with the following output:
Change Dir: /home/moi/1_ws/src/LARVIO/cmake-build-release/CMakeFiles/CMakeTmp

Run Build Command(s):/home/moi/APP/clion/bin/ninja/linux/ninja cmTC_87966 && [1/2] Building C object CMakeFiles/cmTC_87966.dir/CheckFunctionExists.c.o
[2/2] Linking C executable cmTC_87966
FAILED: cmTC_87966 
: && /usr/bin/cc -DCHECK_FUNCTION_EXISTS=pthread_create -rdynamic CMakeFiles/cmTC_87966.dir/CheckFunctionExists.c.o -o cmTC_87966  -lpthreads && :
/usr/bin/ld: 找不到 -lpthreads
collect2: error: ld returned 1 exit status
ninja: build stopped: subcommand failed.



Determining if the function sgemm_ exists failed with the following output:
Change Dir: /home/moi/1_ws/src/LARVIO/cmake-build-release/CMakeFiles/CMakeTmp

Run Build Command(s):/home/moi/APP/clion/bin/ninja/linux/ninja cmTC_c940d && [1/2] Building C object CMakeFiles/cmTC_c940d.dir/CheckFunctionExists.c.o
[2/2] Linking C executable cmTC_c940d
FAILED: cmTC_c940d 
: && /usr/bin/cc -DCHECK_FUNCTION_EXISTS=sgemm_ -rdynamic CMakeFiles/cmTC_c940d.dir/CheckFunctionExists.c.o -o cmTC_c940d   && :
/usr/bin/ld: CMakeFiles/cmTC_c940d.dir/CheckFunctionExists.c.o: in function `main':
CheckFunctionExists.c:(.text+0x14): undefined reference to `sgemm_'
collect2: error: ld returned 1 exit status
ninja: build stopped: subcommand failed.



Determining if the function cheev_ exists failed with the following output:
Change Dir: /home/moi/1_ws/src/LARVIO/cmake-build-release/CMakeFiles/CMakeTmp

Run Build Command(s):/home/moi/APP/clion/bin/ninja/linux/ninja cmTC_34f28 && [1/2] Building C object CMakeFiles/cmTC_34f28.dir/CheckFunctionExists.c.o
[2/2] Linking C executable cmTC_34f28
FAILED: cmTC_34f28 
: && /usr/bin/cc -DCHECK_FUNCTION_EXISTS=cheev_ -rdynamic CMakeFiles/cmTC_34f28.dir/CheckFunctionExists.c.o -o cmTC_34f28  /usr/lib/x86_64-linux-gnu/libblas.so  /usr/lib/x86_64-linux-gnu/libf77blas.so  /usr/lib/x86_64-linux-gnu/libatlas.so  -lpthread  -lm  -ldl && :
/usr/bin/ld: CMakeFiles/cmTC_34f28.dir/CheckFunctionExists.c.o: in function `main':
CheckFunctionExists.c:(.text+0x14): undefined reference to `cheev_'
collect2: error: ld returned 1 exit status
ninja: build stopped: subcommand failed.



Determining if the function cheev_ exists failed with the following output:
Change Dir: /home/moi/1_ws/src/LARVIO/cmake-build-release/CMakeFiles/CMakeTmp

Run Build Command(s):/home/moi/APP/clion/bin/ninja/linux/ninja cmTC_1556c && [1/2] Building C object CMakeFiles/cmTC_1556c.dir/CheckFunctionExists.c.o
[2/2] Linking C executable cmTC_1556c
FAILED: cmTC_1556c 
: && /usr/bin/cc -DCHECK_FUNCTION_EXISTS=cheev_ -rdynamic CMakeFiles/cmTC_1556c.dir/CheckFunctionExists.c.o -o cmTC_1556c  /usr/lib/x86_64-linux-gnu/liblapack.so  /usr/lib/x86_64-linux-gnu/libblas.so  /usr/lib/x86_64-linux-gnu/libf77blas.so  /usr/lib/x86_64-linux-gnu/libatlas.so  -fortranlibs && :
cc: error: unrecognized command line option ‘-fortranlibs’
ninja: build stopped: subcommand failed.



